<?xml version="1.0" encoding="UTF-8"?>
<!-- Generated by org.testng.reporters.JUnitXMLReporter -->
<testsuite ignored="0" hostname="MKOKANE10A" failures="1" tests="10" name="Test" time="145.474" errors="0" timestamp="2024-06-27T10:47:40 IST">
  <testcase classname="com.prjct.qa.testcases.LoginpageTest" name="crmlogotest" time="0.053"/>
  <testcase classname="com.prjct.qa.testcases.LoginpageTest" name="loginTest" time="0.267"/>
  <testcase classname="com.prjct.qa.testcases.LoginpageTest" name="loginpagetitletest" time="0.007"/>
  <testcase classname="com.prjct.qa.testcases.HomepageTest" name="clickVerifyFavoritesPageTitile" time="15.274"/>
  <testcase classname="com.prjct.qa.testcases.HomepageTest" name="verifyInboundPageTitle" time="8.083"/>
  <testcase classname="com.prjct.qa.testcases.HomepageTest" name="verifyInventoryMaintainancePageTitle" time="14.64"/>
  <testcase classname="com.prjct.qa.testcases.HomepageTest" name="verifyOutboundPageTitle" time="9.669"/>
  <testcase classname="com.prjct.qa.testcases.HomepageTest" name="verifySelfserviceReportingPageTitle" time="11.082">
    <failure type="java.lang.AssertionError" message="expected [Self Service Reporting] but found [SELF SERVICE REPORTING]">
      <![CDATA[java.lang.AssertionError: expected [Self Service Reporting] but found [SELF SERVICE REPORTING]
at com.prjct.qa.testcases.HomepageTest.verifySelfserviceReportingPageTitle(HomepageTest.java:91)
at java.base/java.util.ArrayList.forEach(ArrayList.java:1596)
... Removed 31 stack frames]]>
    </failure>
  </testcase> <!-- verifySelfserviceReportingPageTitle -->
  <testcase classname="com.prjct.qa.testcases.HomepageTest" name="verifyUsersandGroupsPageTitle" time="10.743"/>
  <testcase classname="com.prjct.qa.testcases.HomepageTest" name="verifyUtilitiesPageTitle" time="9.082"/>
</testsuite> <!-- Test -->
